f:\dx11 learn\hw3d\hw3d\x64\debug\chilitimer.obj
f:\dx11 learn\hw3d\hw3d\x64\debug\keyboard.obj
f:\dx11 learn\hw3d\hw3d\x64\debug\windowsmessagemap.obj
f:\dx11 learn\hw3d\hw3d\x64\debug\mouse.obj
f:\dx11 learn\hw3d\hw3d\x64\debug\apptest.obj
f:\dx11 learn\hw3d\hw3d\x64\debug\window.obj
f:\dx11 learn\hw3d\hw3d\x64\debug\winmain.obj
f:\dx11 learn\hw3d\hw3d\x64\debug\windowexception.obj
f:\dx11 learn\hw3d\hw3d\x64\debug\app.obj
f:\dx11 learn\hw3d\hw3d\x64\debug\chiliexception.obj
f:\dx11 learn\hw3d\hw3d\x64\debug\vc142.pdb
f:\dx11 learn\hw3d\x64\debug\hw3d.exe
f:\dx11 learn\hw3d\hw3d\x64\debug\hw3d.ilk
f:\dx11 learn\hw3d\x64\debug\hw3d.pdb
f:\dx11 learn\hw3d\hw3d\x64\debug\vc142.idb
f:\dx11 learn\hw3d\hw3d\x64\debug\hw3d.tlog\cl.command.1.tlog
f:\dx11 learn\hw3d\hw3d\x64\debug\hw3d.tlog\cl.read.1.tlog
f:\dx11 learn\hw3d\hw3d\x64\debug\hw3d.tlog\cl.write.1.tlog
f:\dx11 learn\hw3d\hw3d\x64\debug\hw3d.tlog\link.command.1.tlog
f:\dx11 learn\hw3d\hw3d\x64\debug\hw3d.tlog\link.read.1.tlog
f:\dx11 learn\hw3d\hw3d\x64\debug\hw3d.tlog\link.write.1.tlog
